\BOOKMARK [1][-]{section*.2}{Abstract}{}% 1
\BOOKMARK [1][-]{section.1}{1 Introduction}{}% 2
\BOOKMARK [1][-]{section.2}{2 Motivation}{}% 3
\BOOKMARK [1][-]{section.3}{3 Approach}{}% 4
\BOOKMARK [2][-]{subsection.3.1}{3.1 Overview}{section.3}% 5
\BOOKMARK [2][-]{subsection.3.2}{3.2 Performance Model}{section.3}% 6
\BOOKMARK [2][-]{subsection.3.3}{3.3 Performance Impact Analysis}{section.3}% 7
\BOOKMARK [2][-]{subsection.3.4}{3.4 Loop-Count Estimation with Collection-Loop Correlation}{section.3}% 8
\BOOKMARK [2][-]{subsection.3.5}{3.5 Test Case Prioritization}{section.3}% 9
\BOOKMARK [1][-]{section.4}{4 Evaluation}{}% 10
\BOOKMARK [2][-]{subsection.4.1}{4.1 Evaluation Subjects}{section.4}% 11
\BOOKMARK [2][-]{subsection.4.2}{4.2 Evaluation Setup}{section.4}% 12
\BOOKMARK [2][-]{subsection.4.3}{4.3 Evaluation Metrics}{section.4}% 13
\BOOKMARK [2][-]{subsection.4.4}{4.4 Baseline Approaches Under Comparison}{section.4}% 14
\BOOKMARK [2][-]{subsection.4.5}{4.5 Quantitative Evaluation}{section.4}% 15
\BOOKMARK [2][-]{subsection.4.6}{4.6 Successful and Challenging Examples}{section.4}% 16
\BOOKMARK [2][-]{subsection.4.7}{4.7 Threats to Validity}{section.4}% 17
\BOOKMARK [1][-]{section.5}{5 Discussion}{}% 18
\BOOKMARK [1][-]{section.6}{6 Related Work}{}% 19
\BOOKMARK [1][-]{section.7}{7 Conclusion}{}% 20
\BOOKMARK [1][-]{section*.18}{References}{}% 21
